{"C:\\Users\\danil\\Documents\\Tarea VII Ciclo\\Desarrollo Web\\Clase #7\\Node\\app.js": {"path":"C:\\Users\\danil\\Documents\\Tarea VII Ciclo\\Desarrollo Web\\Clase #7\\Node\\app.js","statementMap":{"0":{"start":{"line":1,"column":0},"end":{"line":1,"column":26}},"1":{"start":{"line":2,"column":16},"end":{"line":2,"column":34}},"2":{"start":{"line":3,"column":13},"end":{"line":3,"column":28}},"3":{"start":{"line":4,"column":18},"end":{"line":4,"column":47}},"4":{"start":{"line":5,"column":29},"end":{"line":5,"column":54}},"5":{"start":{"line":6,"column":23},"end":{"line":6,"column":48}},"6":{"start":{"line":7,"column":25},"end":{"line":7,"column":50}},"7":{"start":{"line":8,"column":12},"end":{"line":8,"column":21}},"8":{"start":{"line":10,"column":18},"end":{"line":10,"column":39}},"9":{"start":{"line":11,"column":17},"end":{"line":11,"column":54}},"10":{"start":{"line":13,"column":0},"end":{"line":13,"column":15}},"11":{"start":{"line":14,"column":0},"end":{"line":14,"column":23}},"12":{"start":{"line":15,"column":0},"end":{"line":15,"column":34}},"13":{"start":{"line":17,"column":13},"end":{"line":17,"column":37}},"14":{"start":{"line":22,"column":0},"end":{"line":24,"column":38}},"15":{"start":{"line":31,"column":0},"end":{"line":31,"column":37}},"16":{"start":{"line":32,"column":0},"end":{"line":36,"column":3}},"17":{"start":{"line":33,"column":4},"end":{"line":35,"column":7}},"18":{"start":{"line":34,"column":8},"end":{"line":34,"column":68}},"19":{"start":{"line":39,"column":0},"end":{"line":39,"column":62}},"20":{"start":{"line":41,"column":0},"end":{"line":41,"column":20}}},"fnMap":{"0":{"name":"(anonymous_0)","decl":{"start":{"line":33,"column":21},"end":{"line":33,"column":22}},"loc":{"start":{"line":33,"column":27},"end":{"line":35,"column":5}},"line":33}},"branchMap":{"0":{"loc":{"start":{"line":11,"column":17},"end":{"line":11,"column":54}},"type":"binary-expr","locations":[{"start":{"line":11,"column":17},"end":{"line":11,"column":37}},{"start":{"line":11,"column":41},"end":{"line":11,"column":54}}],"line":11},"1":{"loc":{"start":{"line":17,"column":13},"end":{"line":17,"column":37}},"type":"binary-expr","locations":[{"start":{"line":17,"column":13},"end":{"line":17,"column":29}},{"start":{"line":17,"column":33},"end":{"line":17,"column":37}}],"line":17},"2":{"loc":{"start":{"line":32,"column":0},"end":{"line":36,"column":3}},"type":"if","locations":[{"start":{"line":32,"column":0},"end":{"line":36,"column":3}},{"start":{},"end":{}}],"line":32},"3":{"loc":{"start":{"line":39,"column":0},"end":{"line":39,"column":61}},"type":"cond-expr","locations":[{"start":{"line":39,"column":26},"end":{"line":39,"column":42}},{"start":{"line":39,"column":45},"end":{"line":39,"column":61}}],"line":39}},"s":{"0":3,"1":3,"2":3,"3":3,"4":3,"5":3,"6":3,"7":3,"8":3,"9":3,"10":3,"11":3,"12":3,"13":3,"14":3,"15":3,"16":3,"17":0,"18":0,"19":3,"20":3},"f":{"0":0},"b":{"0":[3,0],"1":[3,0],"2":[0,3],"3":[3,0]},"_coverageSchema":"1a1c01bbd47fc00a2c39e90264f33305004495a9","hash":"2371904a85d076c13bfb6506b265bdfce2fd4a47"}
,"C:\\Users\\danil\\Documents\\Tarea VII Ciclo\\Desarrollo Web\\Clase #7\\Node\\config\\mongo.js": {"path":"C:\\Users\\danil\\Documents\\Tarea VII Ciclo\\Desarrollo Web\\Clase #7\\Node\\config\\mongo.js","statementMap":{"0":{"start":{"line":1,"column":17},"end":{"line":1,"column":36}},"1":{"start":{"line":3,"column":17},"end":{"line":3,"column":37}},"2":{"start":{"line":5,"column":18},"end":{"line":24,"column":1}},"3":{"start":{"line":7,"column":19},"end":{"line":7,"column":85}},"4":{"start":{"line":8,"column":4},"end":{"line":22,"column":6}},"5":{"start":{"line":16,"column":8},"end":{"line":20,"column":9}},"6":{"start":{"line":19,"column":13},"end":{"line":19,"column":29}},"7":{"start":{"line":26,"column":0},"end":{"line":26,"column":26}}},"fnMap":{"0":{"name":"(anonymous_0)","decl":{"start":{"line":5,"column":18},"end":{"line":5,"column":19}},"loc":{"start":{"line":5,"column":24},"end":{"line":24,"column":1}},"line":5},"1":{"name":"(anonymous_1)","decl":{"start":{"line":14,"column":4},"end":{"line":14,"column":5}},"loc":{"start":{"line":14,"column":17},"end":{"line":21,"column":5}},"line":14}},"branchMap":{"0":{"loc":{"start":{"line":7,"column":19},"end":{"line":7,"column":85}},"type":"cond-expr","locations":[{"start":{"line":7,"column":41},"end":{"line":7,"column":64}},{"start":{"line":7,"column":67},"end":{"line":7,"column":85}}],"line":7},"1":{"loc":{"start":{"line":16,"column":8},"end":{"line":20,"column":9}},"type":"if","locations":[{"start":{"line":16,"column":8},"end":{"line":20,"column":9}},{"start":{"line":18,"column":13},"end":{"line":20,"column":9}}],"line":16}},"s":{"0":3,"1":3,"2":3,"3":3,"4":3,"5":3,"6":0,"7":3},"f":{"0":3,"1":3},"b":{"0":[0,3],"1":[3,0]},"_coverageSchema":"1a1c01bbd47fc00a2c39e90264f33305004495a9","hash":"14308d782925a85ae9b0dc904023d4ed3f9503de"}
,"C:\\Users\\danil\\Documents\\Tarea VII Ciclo\\Desarrollo Web\\Clase #7\\Node\\config\\mysql.js": {"path":"C:\\Users\\danil\\Documents\\Tarea VII Ciclo\\Desarrollo Web\\Clase #7\\Node\\config\\mysql.js","statementMap":{"0":{"start":{"line":1,"column":20},"end":{"line":1,"column":40}},"1":{"start":{"line":3,"column":17},"end":{"line":3,"column":37}},"2":{"start":{"line":5,"column":16},"end":{"line":5,"column":104}},"3":{"start":{"line":6,"column":17},"end":{"line":6,"column":39}},"4":{"start":{"line":7,"column":17},"end":{"line":7,"column":43}},"5":{"start":{"line":8,"column":13},"end":{"line":8,"column":35}},"6":{"start":{"line":10,"column":18},"end":{"line":18,"column":1}},"7":{"start":{"line":20,"column":23},"end":{"line":27,"column":1}},"8":{"start":{"line":21,"column":4},"end":{"line":26,"column":5}},"9":{"start":{"line":22,"column":8},"end":{"line":22,"column":39}},"10":{"start":{"line":23,"column":8},"end":{"line":23,"column":37}},"11":{"start":{"line":25,"column":8},"end":{"line":25,"column":38}},"12":{"start":{"line":30,"column":0},"end":{"line":30,"column":45}}},"fnMap":{"0":{"name":"(anonymous_0)","decl":{"start":{"line":20,"column":23},"end":{"line":20,"column":24}},"loc":{"start":{"line":20,"column":35},"end":{"line":27,"column":1}},"line":20}},"branchMap":{"0":{"loc":{"start":{"line":5,"column":16},"end":{"line":5,"column":104}},"type":"cond-expr","locations":[{"start":{"line":5,"column":39},"end":{"line":5,"column":70}},{"start":{"line":5,"column":73},"end":{"line":5,"column":104}}],"line":5}},"s":{"0":3,"1":3,"2":3,"3":3,"4":3,"5":3,"6":3,"7":3,"8":0,"9":0,"10":0,"11":0,"12":3},"f":{"0":0},"b":{"0":[0,3]},"_coverageSchema":"1a1c01bbd47fc00a2c39e90264f33305004495a9","hash":"793fcf38a32f936abe5946a8f34b4e1f0e150b0d"}
,"C:\\Users\\danil\\Documents\\Tarea VII Ciclo\\Desarrollo Web\\Clase #7\\Node\\controllers\\auth.js": {"path":"C:\\Users\\danil\\Documents\\Tarea VII Ciclo\\Desarrollo Web\\Clase #7\\Node\\controllers\\auth.js","statementMap":{"0":{"start":{"line":1,"column":22},"end":{"line":1,"column":50}},"1":{"start":{"line":2,"column":20},"end":{"line":2,"column":49}},"2":{"start":{"line":3,"column":20},"end":{"line":3,"column":40}},"3":{"start":{"line":4,"column":26},"end":{"line":4,"column":60}},"4":{"start":{"line":5,"column":28},"end":{"line":5,"column":59}},"5":{"start":{"line":7,"column":21},"end":{"line":23,"column":1}},"6":{"start":{"line":8,"column":0},"end":{"line":22,"column":1}},"7":{"start":{"line":9,"column":4},"end":{"line":9,"column":27}},"8":{"start":{"line":10,"column":21},"end":{"line":10,"column":48}},"9":{"start":{"line":11,"column":13},"end":{"line":11,"column":43}},"10":{"start":{"line":12,"column":17},"end":{"line":12,"column":45}},"11":{"start":{"line":14,"column":12},"end":{"line":17,"column":1}},"12":{"start":{"line":18,"column":0},"end":{"line":18,"column":15}},"13":{"start":{"line":19,"column":0},"end":{"line":19,"column":16}},"14":{"start":{"line":21,"column":4},"end":{"line":21,"column":49}},"15":{"start":{"line":25,"column":18},"end":{"line":55,"column":1}},"16":{"start":{"line":26,"column":4},"end":{"line":54,"column":5}},"17":{"start":{"line":27,"column":8},"end":{"line":27,"column":31}},"18":{"start":{"line":28,"column":21},"end":{"line":28,"column":63}},"19":{"start":{"line":29,"column":8},"end":{"line":32,"column":9}},"20":{"start":{"line":30,"column":12},"end":{"line":30,"column":59}},"21":{"start":{"line":31,"column":12},"end":{"line":31,"column":18}},"22":{"start":{"line":34,"column":29},"end":{"line":34,"column":49}},"23":{"start":{"line":35,"column":22},"end":{"line":35,"column":62}},"24":{"start":{"line":37,"column":8},"end":{"line":40,"column":9}},"25":{"start":{"line":38,"column":12},"end":{"line":38,"column":57}},"26":{"start":{"line":39,"column":12},"end":{"line":39,"column":18}},"27":{"start":{"line":42,"column":8},"end":{"line":42,"column":53}},"28":{"start":{"line":44,"column":21},"end":{"line":47,"column":9}},"29":{"start":{"line":48,"column":8},"end":{"line":48,"column":23}},"30":{"start":{"line":49,"column":8},"end":{"line":49,"column":24}},"31":{"start":{"line":53,"column":8},"end":{"line":53,"column":42}},"32":{"start":{"line":58,"column":0},"end":{"line":58,"column":41}}},"fnMap":{"0":{"name":"(anonymous_0)","decl":{"start":{"line":7,"column":21},"end":{"line":7,"column":22}},"loc":{"start":{"line":7,"column":40},"end":{"line":23,"column":1}},"line":7},"1":{"name":"(anonymous_1)","decl":{"start":{"line":25,"column":18},"end":{"line":25,"column":19}},"loc":{"start":{"line":25,"column":36},"end":{"line":55,"column":1}},"line":25}},"branchMap":{"0":{"loc":{"start":{"line":29,"column":8},"end":{"line":32,"column":9}},"type":"if","locations":[{"start":{"line":29,"column":8},"end":{"line":32,"column":9}},{"start":{},"end":{}}],"line":29},"1":{"loc":{"start":{"line":37,"column":8},"end":{"line":40,"column":9}},"type":"if","locations":[{"start":{"line":37,"column":8},"end":{"line":40,"column":9}},{"start":{},"end":{}}],"line":37}},"s":{"0":3,"1":3,"2":3,"3":3,"4":3,"5":3,"6":1,"7":1,"8":1,"9":1,"10":1,"11":1,"12":1,"13":1,"14":0,"15":3,"16":3,"17":3,"18":3,"19":3,"20":1,"21":1,"22":2,"23":2,"24":2,"25":1,"26":1,"27":1,"28":1,"29":1,"30":1,"31":0,"32":3},"f":{"0":1,"1":3},"b":{"0":[1,2],"1":[1,1]},"_coverageSchema":"1a1c01bbd47fc00a2c39e90264f33305004495a9","hash":"d000209e9bfc4e2d6ef9fe8bbca72006cdfde811"}
,"C:\\Users\\danil\\Documents\\Tarea VII Ciclo\\Desarrollo Web\\Clase #7\\Node\\controllers\\tracks.js": {"path":"C:\\Users\\danil\\Documents\\Tarea VII Ciclo\\Desarrollo Web\\Clase #7\\Node\\controllers\\tracks.js","statementMap":{"0":{"start":{"line":1,"column":22},"end":{"line":1,"column":42}},"1":{"start":{"line":2,"column":28},"end":{"line":2,"column":59}},"2":{"start":{"line":3,"column":22},"end":{"line":3,"column":50}},"3":{"start":{"line":12,"column":18},"end":{"line":24,"column":1}},"4":{"start":{"line":14,"column":4},"end":{"line":20,"column":5}},"5":{"start":{"line":15,"column":22},"end":{"line":15,"column":30}},"6":{"start":{"line":16,"column":21},"end":{"line":16,"column":54}},"7":{"start":{"line":17,"column":8},"end":{"line":17,"column":29}},"8":{"start":{"line":19,"column":8},"end":{"line":19,"column":48}},"9":{"start":{"line":32,"column":16},"end":{"line":43,"column":1}},"10":{"start":{"line":34,"column":4},"end":{"line":41,"column":5}},"11":{"start":{"line":35,"column":8},"end":{"line":35,"column":31}},"12":{"start":{"line":36,"column":21},"end":{"line":36,"column":24}},"13":{"start":{"line":37,"column":21},"end":{"line":37,"column":54}},"14":{"start":{"line":38,"column":8},"end":{"line":38,"column":24}},"15":{"start":{"line":40,"column":8},"end":{"line":40,"column":45}},"16":{"start":{"line":51,"column":19},"end":{"line":65,"column":1}},"17":{"start":{"line":54,"column":4},"end":{"line":61,"column":5}},"18":{"start":{"line":55,"column":21},"end":{"line":55,"column":37}},"19":{"start":{"line":56,"column":21},"end":{"line":56,"column":51}},"20":{"start":{"line":57,"column":8},"end":{"line":57,"column":24}},"21":{"start":{"line":59,"column":8},"end":{"line":59,"column":22}},"22":{"start":{"line":60,"column":8},"end":{"line":60,"column":50}},"23":{"start":{"line":73,"column":20},"end":{"line":85,"column":1}},"24":{"start":{"line":75,"column":4},"end":{"line":83,"column":5}},"25":{"start":{"line":76,"column":30},"end":{"line":76,"column":46}},"26":{"start":{"line":77,"column":21},"end":{"line":79,"column":9}},"27":{"start":{"line":80,"column":8},"end":{"line":80,"column":24}},"28":{"start":{"line":82,"column":8},"end":{"line":82,"column":52}},"29":{"start":{"line":93,"column":20},"end":{"line":108,"column":1}},"30":{"start":{"line":95,"column":4},"end":{"line":106,"column":5}},"31":{"start":{"line":96,"column":8},"end":{"line":96,"column":31}},"32":{"start":{"line":97,"column":21},"end":{"line":97,"column":24}},"33":{"start":{"line":98,"column":26},"end":{"line":98,"column":60}},"34":{"start":{"line":99,"column":21},"end":{"line":102,"column":9}},"35":{"start":{"line":103,"column":8},"end":{"line":103,"column":24}},"36":{"start":{"line":105,"column":8},"end":{"line":105,"column":51}},"37":{"start":{"line":110,"column":0},"end":{"line":110,"column":70}}},"fnMap":{"0":{"name":"(anonymous_0)","decl":{"start":{"line":12,"column":18},"end":{"line":12,"column":19}},"loc":{"start":{"line":12,"column":37},"end":{"line":24,"column":1}},"line":12},"1":{"name":"(anonymous_1)","decl":{"start":{"line":32,"column":16},"end":{"line":32,"column":17}},"loc":{"start":{"line":32,"column":35},"end":{"line":43,"column":1}},"line":32},"2":{"name":"(anonymous_2)","decl":{"start":{"line":51,"column":19},"end":{"line":51,"column":20}},"loc":{"start":{"line":51,"column":38},"end":{"line":65,"column":1}},"line":51},"3":{"name":"(anonymous_3)","decl":{"start":{"line":73,"column":20},"end":{"line":73,"column":21}},"loc":{"start":{"line":73,"column":39},"end":{"line":85,"column":1}},"line":73},"4":{"name":"(anonymous_4)","decl":{"start":{"line":93,"column":20},"end":{"line":93,"column":21}},"loc":{"start":{"line":93,"column":39},"end":{"line":108,"column":1}},"line":93}},"branchMap":{},"s":{"0":3,"1":3,"2":3,"3":3,"4":1,"5":1,"6":1,"7":1,"8":0,"9":3,"10":1,"11":1,"12":1,"13":1,"14":1,"15":0,"16":3,"17":1,"18":1,"19":1,"20":1,"21":0,"22":0,"23":3,"24":0,"25":0,"26":0,"27":0,"28":0,"29":3,"30":1,"31":1,"32":1,"33":1,"34":1,"35":1,"36":0,"37":3},"f":{"0":1,"1":1,"2":1,"3":0,"4":1},"b":{},"_coverageSchema":"1a1c01bbd47fc00a2c39e90264f33305004495a9","hash":"ea4893f2cdde56ed3cd9fcd9a42057227718faec"}
,"C:\\Users\\danil\\Documents\\Tarea VII Ciclo\\Desarrollo Web\\Clase #7\\Node\\models\\index.js": {"path":"C:\\Users\\danil\\Documents\\Tarea VII Ciclo\\Desarrollo Web\\Clase #7\\Node\\models\\index.js","statementMap":{"0":{"start":{"line":2,"column":18},"end":{"line":2,"column":39}},"1":{"start":{"line":4,"column":19},"end":{"line":4,"column":64}},"2":{"start":{"line":6,"column":14},"end":{"line":11,"column":1}},"3":{"start":{"line":14,"column":0},"end":{"line":14,"column":23}}},"fnMap":{},"branchMap":{"0":{"loc":{"start":{"line":4,"column":19},"end":{"line":4,"column":64}},"type":"cond-expr","locations":[{"start":{"line":4,"column":43},"end":{"line":4,"column":52}},{"start":{"line":4,"column":55},"end":{"line":4,"column":64}}],"line":4}},"s":{"0":3,"1":3,"2":3,"3":3},"f":{},"b":{"0":[3,0]},"_coverageSchema":"1a1c01bbd47fc00a2c39e90264f33305004495a9","hash":"323257e7ffcf3146fb68f15ae1b81b1c0d9cb5bb"}
,"C:\\Users\\danil\\Documents\\Tarea VII Ciclo\\Desarrollo Web\\Clase #7\\Node\\models\\nosql\\tracks.js": {"path":"C:\\Users\\danil\\Documents\\Tarea VII Ciclo\\Desarrollo Web\\Clase #7\\Node\\models\\nosql\\tracks.js","statementMap":{"0":{"start":{"line":1,"column":17},"end":{"line":1,"column":36}},"1":{"start":{"line":2,"column":23},"end":{"line":2,"column":49}},"2":{"start":{"line":3,"column":21},"end":{"line":47,"column":1}},"3":{"start":{"line":15,"column":20},"end":{"line":15,"column":32}},"4":{"start":{"line":49,"column":0},"end":{"line":64,"column":1}},"5":{"start":{"line":50,"column":21},"end":{"line":62,"column":6}},"6":{"start":{"line":63,"column":4},"end":{"line":63,"column":19}},"7":{"start":{"line":67,"column":0},"end":{"line":88,"column":1}},"8":{"start":{"line":68,"column":21},"end":{"line":86,"column":6}},"9":{"start":{"line":87,"column":4},"end":{"line":87,"column":19}},"10":{"start":{"line":90,"column":0},"end":{"line":90,"column":61}},"11":{"start":{"line":91,"column":0},"end":{"line":91,"column":54}}},"fnMap":{"0":{"name":"(anonymous_0)","decl":{"start":{"line":14,"column":27},"end":{"line":14,"column":28}},"loc":{"start":{"line":14,"column":35},"end":{"line":16,"column":17}},"line":14},"1":{"name":"(anonymous_1)","decl":{"start":{"line":49,"column":35},"end":{"line":49,"column":36}},"loc":{"start":{"line":49,"column":46},"end":{"line":64,"column":1}},"line":49},"2":{"name":"(anonymous_2)","decl":{"start":{"line":67,"column":35},"end":{"line":67,"column":36}},"loc":{"start":{"line":67,"column":48},"end":{"line":88,"column":1}},"line":67}},"branchMap":{},"s":{"0":3,"1":3,"2":3,"3":1,"4":3,"5":1,"6":1,"7":3,"8":1,"9":1,"10":3,"11":3},"f":{"0":1,"1":1,"2":1},"b":{},"_coverageSchema":"1a1c01bbd47fc00a2c39e90264f33305004495a9","hash":"225ddb4b9faf7f8df418bb32cadb4f45d9222e39"}
,"C:\\Users\\danil\\Documents\\Tarea VII Ciclo\\Desarrollo Web\\Clase #7\\Node\\test\\helper\\helperData.js": {"path":"C:\\Users\\danil\\Documents\\Tarea VII Ciclo\\Desarrollo Web\\Clase #7\\Node\\test\\helper\\helperData.js","statementMap":{"0":{"start":{"line":1,"column":22},"end":{"line":4,"column":1}},"1":{"start":{"line":6,"column":25},"end":{"line":11,"column":1}},"2":{"start":{"line":13,"column":32},"end":{"line":19,"column":3}},"3":{"start":{"line":21,"column":30},"end":{"line":24,"column":3}},"4":{"start":{"line":26,"column":24},"end":{"line":40,"column":1}},"5":{"start":{"line":43,"column":2},"end":{"line":49,"column":3}}},"fnMap":{},"branchMap":{},"s":{"0":2,"1":2,"2":2,"3":2,"4":2,"5":2},"f":{},"b":{},"_coverageSchema":"1a1c01bbd47fc00a2c39e90264f33305004495a9","hash":"522c98510fa01075dd31a788f38969c4778faf42"}
,"C:\\Users\\danil\\Documents\\Tarea VII Ciclo\\Desarrollo Web\\Clase #7\\Node\\utils\\handleJWT.js": {"path":"C:\\Users\\danil\\Documents\\Tarea VII Ciclo\\Desarrollo Web\\Clase #7\\Node\\utils\\handleJWT.js","statementMap":{"0":{"start":{"line":1,"column":12},"end":{"line":1,"column":35}},"1":{"start":{"line":2,"column":19},"end":{"line":2,"column":41}},"2":{"start":{"line":3,"column":23},"end":{"line":3,"column":65}},"3":{"start":{"line":4,"column":23},"end":{"line":4,"column":39}},"4":{"start":{"line":10,"column":18},"end":{"line":21,"column":1}},"5":{"start":{"line":11,"column":18},"end":{"line":19,"column":5}},"6":{"start":{"line":20,"column":4},"end":{"line":20,"column":16}},"7":{"start":{"line":27,"column":20},"end":{"line":33,"column":1}},"8":{"start":{"line":28,"column":4},"end":{"line":32,"column":5}},"9":{"start":{"line":29,"column":8},"end":{"line":29,"column":46}},"10":{"start":{"line":31,"column":8},"end":{"line":31,"column":19}},"11":{"start":{"line":35,"column":0},"end":{"line":35,"column":41}}},"fnMap":{"0":{"name":"(anonymous_0)","decl":{"start":{"line":10,"column":18},"end":{"line":10,"column":19}},"loc":{"start":{"line":10,"column":33},"end":{"line":21,"column":1}},"line":10},"1":{"name":"(anonymous_1)","decl":{"start":{"line":27,"column":20},"end":{"line":27,"column":21}},"loc":{"start":{"line":27,"column":40},"end":{"line":33,"column":1}},"line":27}},"branchMap":{},"s":{"0":3,"1":3,"2":3,"3":3,"4":3,"5":4,"6":4,"7":3,"8":4,"9":4,"10":0,"11":3},"f":{"0":4,"1":4},"b":{},"_coverageSchema":"1a1c01bbd47fc00a2c39e90264f33305004495a9","hash":"636203bec163de7856faa6cab3531ca9d09fa09d"}
}
