{"C:\\Users\\danil\\Documents\\Tarea VII Ciclo\\Desarrollo Web\\Clase #7\\Node\\docs\\swagger.js": {"path":"C:\\Users\\danil\\Documents\\Tarea VII Ciclo\\Desarrollo Web\\Clase #7\\Node\\docs\\swagger.js","statementMap":{"0":{"start":{"line":1,"column":21},"end":{"line":1,"column":45}},"1":{"start":{"line":7,"column":25},"end":{"line":115,"column":1}},"2":{"start":{"line":120,"column":16},"end":{"line":126,"column":1}},"3":{"start":{"line":128,"column":29},"end":{"line":128,"column":50}},"4":{"start":{"line":130,"column":0},"end":{"line":130,"column":37}}},"fnMap":{},"branchMap":{},"s":{"0":3,"1":3,"2":3,"3":3,"4":3},"f":{},"b":{},"_coverageSchema":"1a1c01bbd47fc00a2c39e90264f33305004495a9","hash":"3fad66540b3db077543788c30041f5bd40ee071e"}
,"C:\\Users\\danil\\Documents\\Tarea VII Ciclo\\Desarrollo Web\\Clase #7\\Node\\utils\\handleJWT.js": {"path":"C:\\Users\\danil\\Documents\\Tarea VII Ciclo\\Desarrollo Web\\Clase #7\\Node\\utils\\handleJWT.js","statementMap":{"0":{"start":{"line":1,"column":12},"end":{"line":1,"column":35}},"1":{"start":{"line":2,"column":19},"end":{"line":2,"column":41}},"2":{"start":{"line":3,"column":23},"end":{"line":3,"column":65}},"3":{"start":{"line":4,"column":23},"end":{"line":4,"column":39}},"4":{"start":{"line":10,"column":18},"end":{"line":22,"column":1}},"5":{"start":{"line":11,"column":4},"end":{"line":11,"column":34}},"6":{"start":{"line":12,"column":18},"end":{"line":20,"column":5}},"7":{"start":{"line":21,"column":4},"end":{"line":21,"column":16}},"8":{"start":{"line":28,"column":20},"end":{"line":34,"column":1}},"9":{"start":{"line":29,"column":4},"end":{"line":33,"column":5}},"10":{"start":{"line":30,"column":8},"end":{"line":30,"column":46}},"11":{"start":{"line":32,"column":8},"end":{"line":32,"column":19}},"12":{"start":{"line":36,"column":0},"end":{"line":36,"column":41}}},"fnMap":{"0":{"name":"(anonymous_0)","decl":{"start":{"line":10,"column":18},"end":{"line":10,"column":19}},"loc":{"start":{"line":10,"column":33},"end":{"line":22,"column":1}},"line":10},"1":{"name":"(anonymous_1)","decl":{"start":{"line":28,"column":20},"end":{"line":28,"column":21}},"loc":{"start":{"line":28,"column":40},"end":{"line":34,"column":1}},"line":28}},"branchMap":{},"s":{"0":3,"1":3,"2":3,"3":3,"4":3,"5":4,"6":4,"7":4,"8":3,"9":4,"10":4,"11":0,"12":3},"f":{"0":4,"1":4},"b":{},"_coverageSchema":"1a1c01bbd47fc00a2c39e90264f33305004495a9","hash":"f867a53abfdcbd05e14c1e4356b2b7423fa640ac"}
}
