TN:
SF:app.js
FN:33,(anonymous_0)
FNF:1
FNH:0
FNDA:0,(anonymous_0)
DA:1,3
DA:2,3
DA:3,3
DA:4,3
DA:5,3
DA:6,3
DA:7,3
DA:8,3
DA:10,3
DA:11,3
DA:13,3
DA:14,3
DA:15,3
DA:17,3
DA:22,3
DA:31,3
DA:32,3
DA:33,0
DA:34,0
DA:39,3
DA:41,3
LF:21
LH:19
BRDA:11,0,0,3
BRDA:11,0,1,0
BRDA:17,1,0,3
BRDA:17,1,1,0
BRDA:32,2,0,0
BRDA:32,2,1,3
BRDA:39,3,0,3
BRDA:39,3,1,0
BRF:8
BRH:4
end_of_record
TN:
SF:config\mongo.js
FN:5,(anonymous_0)
FN:14,(anonymous_1)
FNF:2
FNH:2
FNDA:3,(anonymous_0)
FNDA:3,(anonymous_1)
DA:1,3
DA:3,3
DA:5,3
DA:7,3
DA:8,3
DA:16,3
DA:19,0
DA:26,3
LF:8
LH:7
BRDA:7,0,0,0
BRDA:7,0,1,3
BRDA:16,1,0,3
BRDA:16,1,1,0
BRF:4
BRH:2
end_of_record
TN:
SF:config\mysql.js
FN:20,(anonymous_0)
FNF:1
FNH:0
FNDA:0,(anonymous_0)
DA:1,3
DA:3,3
DA:5,3
DA:6,3
DA:7,3
DA:8,3
DA:10,3
DA:20,3
DA:21,0
DA:22,0
DA:23,0
DA:25,0
DA:30,3
LF:13
LH:9
BRDA:5,0,0,0
BRDA:5,0,1,3
BRF:2
BRH:1
end_of_record
TN:
SF:controllers\auth.js
FN:7,(anonymous_0)
FN:25,(anonymous_1)
FNF:2
FNH:2
FNDA:1,(anonymous_0)
FNDA:3,(anonymous_1)
DA:1,3
DA:2,3
DA:3,3
DA:4,3
DA:5,3
DA:7,3
DA:8,1
DA:9,1
DA:10,1
DA:11,1
DA:12,1
DA:14,1
DA:18,1
DA:19,1
DA:21,0
DA:25,3
DA:26,3
DA:27,3
DA:28,3
DA:29,3
DA:30,1
DA:31,1
DA:34,2
DA:35,2
DA:37,2
DA:38,1
DA:39,1
DA:42,1
DA:44,1
DA:48,1
DA:49,1
DA:53,0
DA:58,3
LF:33
LH:31
BRDA:29,0,0,1
BRDA:29,0,1,2
BRDA:37,1,0,1
BRDA:37,1,1,1
BRF:4
BRH:4
end_of_record
TN:
SF:controllers\tracks.js
FN:12,(anonymous_0)
FN:32,(anonymous_1)
FN:51,(anonymous_2)
FN:73,(anonymous_3)
FN:93,(anonymous_4)
FNF:5
FNH:4
FNDA:1,(anonymous_0)
FNDA:1,(anonymous_1)
FNDA:1,(anonymous_2)
FNDA:0,(anonymous_3)
FNDA:1,(anonymous_4)
DA:1,3
DA:2,3
DA:3,3
DA:12,3
DA:14,1
DA:15,1
DA:16,1
DA:17,1
DA:19,0
DA:32,3
DA:34,1
DA:35,1
DA:36,1
DA:37,1
DA:38,1
DA:40,0
DA:51,3
DA:54,1
DA:55,1
DA:56,1
DA:57,1
DA:59,0
DA:60,0
DA:73,3
DA:75,0
DA:76,0
DA:77,0
DA:80,0
DA:82,0
DA:93,3
DA:95,1
DA:96,1
DA:97,1
DA:98,1
DA:99,1
DA:103,1
DA:105,0
DA:110,3
LF:38
LH:28
BRF:0
BRH:0
end_of_record
TN:
SF:models\index.js
FNF:0
FNH:0
DA:2,3
DA:4,3
DA:6,3
DA:14,3
LF:4
LH:4
BRDA:4,0,0,3
BRDA:4,0,1,0
BRF:2
BRH:1
end_of_record
TN:
SF:models\nosql\tracks.js
FN:14,(anonymous_0)
FN:49,(anonymous_1)
FN:67,(anonymous_2)
FNF:3
FNH:3
FNDA:1,(anonymous_0)
FNDA:1,(anonymous_1)
FNDA:1,(anonymous_2)
DA:1,3
DA:2,3
DA:3,3
DA:15,1
DA:49,3
DA:50,1
DA:63,1
DA:67,3
DA:68,1
DA:87,1
DA:90,3
DA:91,3
LF:12
LH:12
BRF:0
BRH:0
end_of_record
TN:
SF:test\helper\helperData.js
FNF:0
FNH:0
DA:1,2
DA:6,2
DA:13,2
DA:21,2
DA:26,2
DA:43,2
LF:6
LH:6
BRF:0
BRH:0
end_of_record
TN:
SF:utils\handleJWT.js
FN:10,(anonymous_0)
FN:27,(anonymous_1)
FNF:2
FNH:2
FNDA:4,(anonymous_0)
FNDA:4,(anonymous_1)
DA:1,3
DA:2,3
DA:3,3
DA:4,3
DA:10,3
DA:11,4
DA:20,4
DA:27,3
DA:28,4
DA:29,4
DA:31,0
DA:35,3
LF:12
LH:11
BRF:0
BRH:0
end_of_record
